================================================================================
XGBOOST HYPERPARAMETER OPTIMIZATION FOR AMR PREDICTION
================================================================================
Target Antibiotic: cefotaxime
Optimization Trials: 25
Validation Split: 20%
================================================================================

[STEP 1/5] Loading data information...
  ✓ Loaded 3785 labels from y_cefotaxime.csv
  ✓ Found 19 matrix chunks

[STEP 2/6] Dynamic Stratified Chunk Splitting...

================================================================================
DYNAMIC STRATIFIED DATA SPLITTING
================================================================================
Strategy: Representative sampling across resistance spectrum
================================================================================

[Phase 1/4] Analyzing resistance distribution...

[Phase 2/4] Resistance spectrum analysis (sorted by Imbalance Score):
------------------------------------------------------------------------------------------
Rank   | Chunk ID   | Resistant    | Total      | Ratio      | Imbalance Score
------------------------------------------------------------------------------------------
1      | 15         | 3            | 200        | 0.0150     | 0.4850         
2      | 16         | 12           | 200        | 0.0600     | 0.4400         
3      | 1          | 12           | 200        | 0.0600     | 0.4400         
4      | 3          | 13           | 200        | 0.0650     | 0.4350         
5      | 18         | 13           | 185        | 0.0703     | 0.4297         
...
18     | 11         | 86           | 200        | 0.4300     | 0.0700         
19     | 7          | 91           | 200        | 0.4550     | 0.0450         
------------------------------------------------------------------------------------------

[Phase 3/4] Selecting 3 representative test chunks (Target fraction: 20.0%)...
Test set composition (stratified across difficulty):
--------------------------------------------------------------------------------
  1. X_cefotaxime_part_15.npz       | Ratio: 0.0150 | Imbalance: 0.4850 | HARD (Imbalanced)
  2. X_cefotaxime_part_14.npz       | Ratio: 0.1400 | Imbalance: 0.3600 | HARD (Imbalanced)
  3. X_cefotaxime_part_7.npz        | Ratio: 0.4550 | Imbalance: 0.0450 | EASY (Balanced)
--------------------------------------------------------------------------------

[Phase 4/4] Training pool: 16 chunks

Selecting Optuna optimization subset using fractional logic...
Loaded 3 chunks for Optuna based on config (stratified by resistance):
--------------------------------------------------------------------------------
  1. X_cefotaxime_part_16.npz       | Ratio: 0.0600 | Imbalance: 0.4400 | HARD (Imbalanced)
  2. X_cefotaxime_part_17.npz       | Ratio: 0.0950 | Imbalance: 0.4050 | HARD (Imbalanced)
  3. X_cefotaxime_part_11.npz       | Ratio: 0.4300 | Imbalance: 0.0700 | EASY (Balanced)
--------------------------------------------------------------------------------

================================================================================
STRATIFIED SPLIT SUMMARY
================================================================================
Total chunks:        19
Training chunks:     16 (84.2%)
Test chunks:         3 (15.8%)
Optuna chunks:       3 (18.8% of training)

Training samples:    3,185
Test samples:        600
Optuna samples:      600
================================================================================

[STEP 3/6] Loading data for hyperparameter optimization...

Loading selected chunks into RAM...
  ✓ Loaded X_cefotaxime_part_16.npz: 200 samples
  ✓ Loaded X_cefotaxime_part_17.npz: 200 samples
  ✓ Loaded X_cefotaxime_part_11.npz: 200 samples

Total optimization data: (600, 46921434)
  Resistant: 117 | Susceptible: 483

Splitting into train (80%) and validation (20%)...
  Train: (480, 46921434) | Val: (120, 46921434)

Converting to XGBoost DMatrix format...
  ✓ Data preparation complete

[STEP 5/5] Running Optuna hyperparameter optimization...
================================================================================
Starting 25 trials (this may take 10-30 minutes)
================================================================================
[I 2026-03-27 11:23:35,884] A new study created in memory with name: xgboost_cefotaxime_optimization
[I 2026-03-27 12:18:50,897] Trial 0 finished with value: 1.0 and parameters: {'learning_rate': 0.22191378071215412, 'max_depth': 11, 'subsample': 0.8456522363331843, 'colsample_bytree': 0.09000811077852301, 'min_child_weight': 5, 'gamma': 0.46424363040399486}. Best is trial 0 with value: 1.0.
[I 2026-03-27 12:31:56,620] Trial 1 finished with value: 1.0 and parameters: {'learning_rate': 0.02123900128763872, 'max_depth': 6, 'subsample': 0.776609223996422, 'colsample_bytree': 0.26145587742778575, 'min_child_weight': 7, 'gamma': 3.2407050903623684}. Best is trial 0 with value: 1.0.
[I 2026-03-27 12:44:10,347] Trial 2 finished with value: 1.0 and parameters: {'learning_rate': 0.07739455066292676, 'max_depth': 11, 'subsample': 0.7079826860636267, 'colsample_bytree': 0.1376022609604527, 'min_child_weight': 7, 'gamma': 2.5580227886436373}. Best is trial 0 with value: 1.0.
[I 2026-03-27 12:57:13,832] Trial 3 finished with value: 0.9981868036059659 and parameters: {'learning_rate': 0.054802353116078006, 'max_depth': 6, 'subsample': 0.8317384726077518, 'colsample_bytree': 0.28544712885525836, 'min_child_weight': 8, 'gamma': 0.1017783729836097}. Best is trial 0 with value: 1.0.
[I 2026-03-27 13:09:15,124] Trial 4 finished with value: 1.0 and parameters: {'learning_rate': 0.050713186603366794, 'max_depth': 8, 'subsample': 0.6196564180932044, 'colsample_bytree': 0.14547925283634272, 'min_child_weight': 5, 'gamma': 2.551911614756927}. Best is trial 0 with value: 1.0.
[I 2026-03-27 13:23:39,904] Trial 5 finished with value: 0.9981495819817915 and parameters: {'learning_rate': 0.06131578803914897, 'max_depth': 7, 'subsample': 0.6779957459582263, 'colsample_bytree': 0.28817399291103235, 'min_child_weight': 7, 'gamma': 2.0570525697037945}. Best is trial 0 with value: 1.0.
[I 2026-03-27 13:34:48,962] Trial 6 finished with value: 1.0 and parameters: {'learning_rate': 0.036982099090793114, 'max_depth': 8, 'subsample': 0.8917273247839721, 'colsample_bytree': 0.18525983088274411, 'min_child_weight': 5, 'gamma': 0.9605284109001594}. Best is trial 0 with value: 1.0.
[I 2026-03-27 13:48:05,502] Trial 7 finished with value: 1.0 and parameters: {'learning_rate': 0.01159645836099599, 'max_depth': 6, 'subsample': 0.9251757816143684, 'colsample_bytree': 0.06775028514707303, 'min_child_weight': 4, 'gamma': 3.658383571668431}. Best is trial 0 with value: 1.0.
[I 2026-03-27 14:00:35,844] Trial 8 finished with value: 1.0 and parameters: {'learning_rate': 0.059518062583416985, 'max_depth': 11, 'subsample': 0.8474626014001386, 'colsample_bytree': 0.2510387217740389, 'min_child_weight': 5, 'gamma': 4.195508630267042}. Best is trial 0 with value: 1.0.
[I 2026-03-27 14:09:28,520] Trial 9 finished with value: 1.0 and parameters: {'learning_rate': 0.20372849631724035, 'max_depth': 4, 'subsample': 0.835625687309592, 'colsample_bytree': 0.17008872913360518, 'min_child_weight': 2, 'gamma': 4.008679264989201}. Best is trial 0 with value: 1.0.
[I 2026-03-27 14:17:29,466] Trial 10 finished with value: 1.0 and parameters: {'learning_rate': 0.23839722951418976, 'max_depth': 12, 'subsample': 0.994545419195446, 'colsample_bytree': 0.05735139411625541, 'min_child_weight': 10, 'gamma': 1.0409593102381662}. Best is trial 0 with value: 1.0.
[I 2026-03-27 14:26:33,201] Trial 11 finished with value: 1.0 and parameters: {'learning_rate': 0.016654570378197286, 'max_depth': 3, 'subsample': 0.7522841040017555, 'colsample_bytree': 0.22735247119749824, 'min_child_weight': 2, 'gamma': 3.104469015499043}. Best is trial 0 with value: 1.0.
[I 2026-03-27 14:40:53,292] Trial 12 finished with value: 0.9948842548060938 and parameters: {'learning_rate': 0.02459464804967126, 'max_depth': 9, 'subsample': 0.7536048568797844, 'colsample_bytree': 0.11502782867618537, 'min_child_weight': 9, 'gamma': 4.951281571563527}. Best is trial 0 with value: 1.0.
[I 2026-03-27 14:52:23,477] Trial 13 finished with value: 1.0 and parameters: {'learning_rate': 0.11986703233745727, 'max_depth': 10, 'subsample': 0.7816070126142778, 'colsample_bytree': 0.2143689006135606, 'min_child_weight': 7, 'gamma': 1.3907521760368629}. Best is trial 0 with value: 1.0.
[I 2026-03-27 15:02:43,726] Trial 14 finished with value: 1.0 and parameters: {'learning_rate': 0.13119905732181322, 'max_depth': 5, 'subsample': 0.9128647711366468, 'colsample_bytree': 0.09875292102634665, 'min_child_weight': 3, 'gamma': 0.1913772097913598}. Best is trial 0 with value: 1.0.
[I 2026-03-27 15:16:37,115] Trial 15 finished with value: 1.0 and parameters: {'learning_rate': 0.02677234909273979, 'max_depth': 9, 'subsample': 0.6950976583080472, 'colsample_bytree': 0.09528579489645697, 'min_child_weight': 6, 'gamma': 1.8301184178140062}. Best is trial 0 with value: 1.0.
[I 2026-03-27 15:25:53,835] Trial 16 finished with value: 1.0 and parameters: {'learning_rate': 0.010225080699973736, 'max_depth': 6, 'subsample': 0.7979717862078962, 'colsample_bytree': 0.25229129251869503, 'min_child_weight': 1, 'gamma': 3.2114486947056218}. Best is trial 0 with value: 1.0.
[I 2026-03-27 15:38:24,430] Trial 17 finished with value: 1.0 and parameters: {'learning_rate': 0.11308534529659141, 'max_depth': 4, 'subsample': 0.99954820954181, 'colsample_bytree': 0.19148274691227332, 'min_child_weight': 9, 'gamma': 0.6331072879954269}. Best is trial 0 with value: 1.0.
[I 2026-03-27 15:45:59,181] Trial 18 finished with value: 1.0 and parameters: {'learning_rate': 0.28891329783381026, 'max_depth': 12, 'subsample': 0.8759871779148365, 'colsample_bytree': 0.15760362005698564, 'min_child_weight': 4, 'gamma': 4.916036931975224}. Best is trial 0 with value: 1.0.
[I 2026-03-27 15:59:29,778] Trial 19 finished with value: 1.0 and parameters: {'learning_rate': 0.0203510815791857, 'max_depth': 7, 'subsample': 0.9391169643983377, 'colsample_bytree': 0.2613261345784018, 'min_child_weight': 6, 'gamma': 2.0789577495522558}. Best is trial 0 with value: 1.0.
[I 2026-03-27 16:13:23,485] Trial 20 finished with value: 0.9929920735994752 and parameters: {'learning_rate': 0.03609017725265165, 'max_depth': 9, 'subsample': 0.7423236601841561, 'colsample_bytree': 0.21403939578560502, 'min_child_weight': 8, 'gamma': 2.9288312341260343}. Best is trial 0 with value: 1.0.
[I 2026-03-27 16:25:04,444] Trial 21 finished with value: 1.0 and parameters: {'learning_rate': 0.08889537205566615, 'max_depth': 11, 'subsample': 0.6978937096313336, 'colsample_bytree': 0.1350103293499164, 'min_child_weight': 7, 'gamma': 2.528466597847283}. Best is trial 0 with value: 1.0.
[I 2026-03-27 16:35:18,840] Trial 22 finished with value: 0.9927494253096477 and parameters: {'learning_rate': 0.19513491255003967, 'max_depth': 11, 'subsample': 0.6484081063254359, 'colsample_bytree': 0.1245472215694573, 'min_child_weight': 6, 'gamma': 3.552803129581897}. Best is trial 0 with value: 1.0.
[I 2026-03-27 16:44:28,128] Trial 23 finished with value: 0.9911834187696767 and parameters: {'learning_rate': 0.15640431316841824, 'max_depth': 10, 'subsample': 0.7141482576317947, 'colsample_bytree': 0.08777866961719302, 'min_child_weight': 8, 'gamma': 1.6204267823216034}. Best is trial 0 with value: 1.0.
[I 2026-03-27 16:55:15,633] Trial 24 finished with value: 0.9945580801394461 and parameters: {'learning_rate': 0.0802464861097412, 'max_depth': 10, 'subsample': 0.7858103793172503, 'colsample_bytree': 0.11160485087264166, 'min_child_weight': 7, 'gamma': 2.768805361425187}. Best is trial 0 with value: 1.0.

================================================================================
SAVING PROGRESS (GRACEFUL SHUTDOWN)
================================================================================
  ✓ Found 25 completed trials. Extracting best results so far...

Generating Optuna visualization plots...
/Users/erendemirbas/Desktop/IU_master/projects/ML_project_kopyasi/scripts/04_optimization.py:543: ExperimentalWarning: optuna.visualization.matplotlib._optimization_history.plot_optimization_history is experimental (supported from v2.2.0). The interface can change in the future.
  ax1 = plot_optimization_history(study)
  ✓ Saved history plot: 01_optuna_history_cefotaxime.png
/Users/erendemirbas/Desktop/IU_master/projects/ML_project_kopyasi/scripts/04_optimization.py:563: ExperimentalWarning: optuna.visualization.matplotlib._param_importances.plot_param_importances is experimental (supported from v2.2.0). The interface can change in the future.
  ax2 = plot_param_importances(study)
  ✓ Saved importance plot: 02_optuna_importance_cefotaxime.png

Best ROC AUC Score: 1.0000

Best Hyperparameters:
--------------------------------------------------------------------------------
  learning_rate        : 0.22191378071215412
  max_depth            : 11
  subsample            : 0.8456522363331843
  colsample_bytree     : 0.09000811077852301
  min_child_weight     : 5
  gamma                : 0.46424363040399486
--------------------------------------------------------------------------------

Saving configurations...
  ✓ Antibiotic-specific config created: config_cefotaxime.yaml
  ✓ Full study object saved: /Users/erendemirbas/Desktop/IU_master/projects/ML_project_kopyasi/models/cefotaxime/optuna_study_cefotaxime.pkl
  ✓ Backup study object saved: /Users/erendemirbas/Desktop/IU_master/projects/ML_project_kopyasi/models/cefotaxime/optuna_study_cefotaxime_20260327_165517.pkl

================================================================================
NEXT STEPS
================================================================================
1. Review optimized parameters in: config/config_cefotaxime.yaml
2. Run final training with optimized hyperparameters:
   python scripts/05_model_training.py
================================================================================
