================================================================================
XGBOOST HYPERPARAMETER OPTIMIZATION FOR AMR PREDICTION
================================================================================
Target Antibiotic: ampicillin
Optimization Trials: 25
Validation Split: 20%
================================================================================

[STEP 1/5] Loading data information...
  ✓ Loaded 4371 labels from y_ampicillin.csv
  ✓ Found 22 matrix chunks

[STEP 2/6] Dynamic Stratified Chunk Splitting...

================================================================================
DYNAMIC STRATIFIED DATA SPLITTING
================================================================================
Strategy: Representative sampling across resistance spectrum
================================================================================

[Phase 1/4] Analyzing resistance distribution...

[Phase 2/4] Resistance spectrum analysis (sorted by Imbalance Score):
------------------------------------------------------------------------------------------
Rank   | Chunk ID   | Resistant    | Total      | Ratio      | Imbalance Score
------------------------------------------------------------------------------------------
1      | 5          | 199          | 200        | 0.9950     | 0.4950         
2      | 9          | 196          | 200        | 0.9800     | 0.4800         
3      | 11         | 194          | 200        | 0.9700     | 0.4700         
4      | 7          | 185          | 200        | 0.9250     | 0.4250         
5      | 8          | 179          | 200        | 0.8950     | 0.3950         
...
21     | 3          | 94           | 200        | 0.4700     | 0.0300         
22     | 14         | 101          | 200        | 0.5050     | 0.0050         
------------------------------------------------------------------------------------------

[Phase 3/4] Selecting 4 representative test chunks (Target fraction: 20.0%)...
Test set composition (stratified across difficulty):
--------------------------------------------------------------------------------
  1. X_ampicillin_part_5.npz        | Ratio: 0.9950 | Imbalance: 0.4950 | HARD (Imbalanced)
  2. X_ampicillin_part_4.npz        | Ratio: 0.6700 | Imbalance: 0.1700 | MEDIUM
  3. X_ampicillin_part_17.npz       | Ratio: 0.4300 | Imbalance: 0.0700 | EASY (Balanced)
  4. X_ampicillin_part_14.npz       | Ratio: 0.5050 | Imbalance: 0.0050 | EASY (Balanced)
--------------------------------------------------------------------------------

[Phase 4/4] Training pool: 18 chunks

Selecting Optuna optimization subset using fractional logic...
Loaded 3 chunks for Optuna based on config (stratified by resistance):
--------------------------------------------------------------------------------
  1. X_ampicillin_part_9.npz        | Ratio: 0.9800 | Imbalance: 0.4800 | HARD (Imbalanced)
  2. X_ampicillin_part_6.npz        | Ratio: 0.4100 | Imbalance: 0.0900 | EASY (Balanced)
  3. X_ampicillin_part_3.npz        | Ratio: 0.4700 | Imbalance: 0.0300 | EASY (Balanced)
--------------------------------------------------------------------------------

================================================================================
STRATIFIED SPLIT SUMMARY
================================================================================
Total chunks:        22
Training chunks:     18 (81.8%)
Test chunks:         4 (18.2%)
Optuna chunks:       3 (16.7% of training)

Training samples:    3,571
Test samples:        800
Optuna samples:      600
================================================================================

[STEP 3/6] Loading data for hyperparameter optimization...

Loading selected chunks into RAM...
  ✓ Loaded X_ampicillin_part_9.npz: 200 samples
  ✓ Loaded X_ampicillin_part_6.npz: 200 samples
  ✓ Loaded X_ampicillin_part_3.npz: 200 samples

Total optimization data: (600, 50781684)
  Resistant: 372 | Susceptible: 228

Splitting into train (80%) and validation (20%)...
  Train: (480, 50781684) | Val: (120, 50781684)

Converting to XGBoost DMatrix format...
  ✓ Data preparation complete

[STEP 5/5] Running Optuna hyperparameter optimization...
================================================================================
Starting 25 trials (this may take 10-30 minutes)
================================================================================
[I 2026-03-23 18:51:09,899] A new study created in memory with name: xgboost_ampicillin_optimization
[I 2026-03-23 19:53:32,726] Trial 0 finished with value: 0.9885241916260802 and parameters: {'learning_rate': 0.08213715071478371, 'max_depth': 3, 'subsample': 0.612047582699993, 'colsample_bytree': 0.17209894655404184, 'min_child_weight': 1, 'gamma': 1.072638517956389}. Best is trial 0 with value: 0.9885241916260802.
[I 2026-03-23 20:11:34,698] Trial 1 finished with value: 0.9864232521523311 and parameters: {'learning_rate': 0.20992725116558125, 'max_depth': 6, 'subsample': 0.6454954661772656, 'colsample_bytree': 0.08247383033927867, 'min_child_weight': 5, 'gamma': 1.200258233874147}. Best is trial 0 with value: 0.9885241916260802.
[I 2026-03-23 20:23:41,992] Trial 2 finished with value: 0.9902015747091912 and parameters: {'learning_rate': 0.14287491534283583, 'max_depth': 3, 'subsample': 0.9146159147997012, 'colsample_bytree': 0.08783546013101536, 'min_child_weight': 1, 'gamma': 1.057562192920785}. Best is trial 2 with value: 0.9902015747091912.
[I 2026-03-23 21:41:21,112] Trial 3 finished with value: 0.9853045895419971 and parameters: {'learning_rate': 0.05241959838909408, 'max_depth': 3, 'subsample': 0.9025820245625573, 'colsample_bytree': 0.23903150700822656, 'min_child_weight': 6, 'gamma': 2.127326386178442}. Best is trial 2 with value: 0.9902015747091912.
[I 2026-03-23 21:59:02,342] Trial 4 finished with value: 0.9882353215068391 and parameters: {'learning_rate': 0.1749332105157912, 'max_depth': 11, 'subsample': 0.7522581655989322, 'colsample_bytree': 0.060449388828156855, 'min_child_weight': 4, 'gamma': 1.397603769044764}. Best is trial 2 with value: 0.9902015747091912.
[I 2026-03-23 22:19:51,560] Trial 5 finished with value: 0.9858697556797984 and parameters: {'learning_rate': 0.06853169690017777, 'max_depth': 5, 'subsample': 0.8868390158988576, 'colsample_bytree': 0.19740518003189783, 'min_child_weight': 4, 'gamma': 4.6624392581646354}. Best is trial 2 with value: 0.9902015747091912.
[I 2026-03-23 22:52:34,365] Trial 6 finished with value: 0.9871107475250733 and parameters: {'learning_rate': 0.01645629030612012, 'max_depth': 4, 'subsample': 0.8578818913542257, 'colsample_bytree': 0.17267009834539282, 'min_child_weight': 6, 'gamma': 3.7043519722695697}. Best is trial 2 with value: 0.9902015747091912.
[I 2026-03-23 23:08:41,713] Trial 7 finished with value: 0.9882700744486119 and parameters: {'learning_rate': 0.07687302374156263, 'max_depth': 8, 'subsample': 0.6931988489073226, 'colsample_bytree': 0.19205343516000478, 'min_child_weight': 7, 'gamma': 4.206696127336676}. Best is trial 2 with value: 0.9902015747091912.
[I 2026-03-23 23:56:24,420] Trial 8 finished with value: 0.987421967749018 and parameters: {'learning_rate': 0.01635822339555052, 'max_depth': 9, 'subsample': 0.8495201394616791, 'colsample_bytree': 0.22400355053374071, 'min_child_weight': 1, 'gamma': 0.14981438171745687}. Best is trial 2 with value: 0.9902015747091912.
[I 2026-03-24 00:23:42,698] Trial 9 finished with value: 0.9867221088650391 and parameters: {'learning_rate': 0.021618391788759916, 'max_depth': 3, 'subsample': 0.7086881238202325, 'colsample_bytree': 0.07703896120239324, 'min_child_weight': 5, 'gamma': 1.7192873385785634}. Best is trial 2 with value: 0.9902015747091912.
[I 2026-03-24 00:36:31,677] Trial 10 finished with value: 0.985175518716408 and parameters: {'learning_rate': 0.1387329869041094, 'max_depth': 12, 'subsample': 0.9882907585772515, 'colsample_bytree': 0.12633514753745131, 'min_child_weight': 10, 'gamma': 2.928486944115942}. Best is trial 2 with value: 0.9902015747091912.
[I 2026-03-24 01:11:34,865] Trial 11 finished with value: 0.9874123203571439 and parameters: {'learning_rate': 0.1060862769462523, 'max_depth': 6, 'subsample': 0.9929162896497614, 'colsample_bytree': 0.28810809276646465, 'min_child_weight': 1, 'gamma': 0.2807370435787617}. Best is trial 2 with value: 0.9902015747091912.
[I 2026-03-24 01:41:18,588] Trial 12 finished with value: 0.9893712801053695 and parameters: {'learning_rate': 0.03865222001565706, 'max_depth': 5, 'subsample': 0.6112530060059097, 'colsample_bytree': 0.13003405177710908, 'min_child_weight': 2, 'gamma': 0.8921905379075368}. Best is trial 2 with value: 0.9902015747091912.
[I 2026-03-24 01:55:41,119] Trial 13 finished with value: 0.9862527918971487 and parameters: {'learning_rate': 0.03541842216174181, 'max_depth': 5, 'subsample': 0.8101207339504333, 'colsample_bytree': 0.12185986581118968, 'min_child_weight': 3, 'gamma': 0.6499218688836638}. Best is trial 2 with value: 0.9902015747091912.
[I 2026-03-24 02:05:56,390] Trial 14 finished with value: 0.9879559686751744 and parameters: {'learning_rate': 0.2968562522200106, 'max_depth': 7, 'subsample': 0.9287393744873949, 'colsample_bytree': 0.12247350045354395, 'min_child_weight': 2, 'gamma': 2.868345259846391}. Best is trial 2 with value: 0.9902015747091912.
[I 2026-03-24 02:32:06,478] Trial 15 finished with value: 0.9874671164060482 and parameters: {'learning_rate': 0.03327718287602549, 'max_depth': 5, 'subsample': 0.769835038377362, 'colsample_bytree': 0.10486057190518619, 'min_child_weight': 3, 'gamma': 2.0353023017122194}. Best is trial 2 with value: 0.9902015747091912.
[I 2026-03-24 02:43:51,838] Trial 16 finished with value: 0.9868990741555443 and parameters: {'learning_rate': 0.011158251543436293, 'max_depth': 4, 'subsample': 0.9296028306211126, 'colsample_bytree': 0.14628861439279095, 'min_child_weight': 2, 'gamma': 0.7900959740718083}. Best is trial 2 with value: 0.9902015747091912.
[I 2026-03-24 03:01:40,490] Trial 17 finished with value: 0.9860937388933197 and parameters: {'learning_rate': 0.04593582625484423, 'max_depth': 9, 'subsample': 0.8121572358738114, 'colsample_bytree': 0.05246912147613368, 'min_child_weight': 10, 'gamma': 0.02516650881449367}. Best is trial 2 with value: 0.9902015747091912.
[I 2026-03-24 03:17:16,553] Trial 18 finished with value: 0.9867372233117155 and parameters: {'learning_rate': 0.028923898676994523, 'max_depth': 4, 'subsample': 0.6878942304441535, 'colsample_bytree': 0.09339997127171835, 'min_child_weight': 2, 'gamma': 2.7403540553450734}. Best is trial 2 with value: 0.9902015747091912.
[I 2026-03-24 03:31:30,988] Trial 19 finished with value: 0.9881715510699544 and parameters: {'learning_rate': 0.11774989395073114, 'max_depth': 7, 'subsample': 0.6053354337889469, 'colsample_bytree': 0.14851223568966618, 'min_child_weight': 7, 'gamma': 1.8052173462322672}. Best is trial 2 with value: 0.9902015747091912.
[I 2026-03-24 03:46:27,971] Trial 20 finished with value: 0.9860608119210376 and parameters: {'learning_rate': 0.2925349824451936, 'max_depth': 6, 'subsample': 0.7446933108844643, 'colsample_bytree': 0.14990929502653239, 'min_child_weight': 3, 'gamma': 0.6832104893935451}. Best is trial 2 with value: 0.9902015747091912.
[I 2026-03-24 04:00:05,277] Trial 21 finished with value: 0.9892982107338566 and parameters: {'learning_rate': 0.08195400425440155, 'max_depth': 3, 'subsample': 0.6003620974138153, 'colsample_bytree': 0.17283569570389468, 'min_child_weight': 1, 'gamma': 1.1830477766787095}. Best is trial 2 with value: 0.9902015747091912.
[I 2026-03-24 04:15:32,561] Trial 22 finished with value: 0.9912503182581477 and parameters: {'learning_rate': 0.05789152630793526, 'max_depth': 3, 'subsample': 0.65964261404866, 'colsample_bytree': 0.1128533086245538, 'min_child_weight': 1, 'gamma': 1.4615860981319628}. Best is trial 22 with value: 0.9912503182581477.
[I 2026-03-24 04:27:49,736] Trial 23 finished with value: 0.989453877546421 and parameters: {'learning_rate': 0.04209362792625345, 'max_depth': 4, 'subsample': 0.656998796002287, 'colsample_bytree': 0.111707915124367, 'min_child_weight': 2, 'gamma': 2.367604459052359}. Best is trial 22 with value: 0.9912503182581477.
[I 2026-03-24 04:48:14,980] Trial 24 finished with value: 0.9915214436383045 and parameters: {'learning_rate': 0.05912670195068412, 'max_depth': 4, 'subsample': 0.6715556916598875, 'colsample_bytree': 0.09270592627692081, 'min_child_weight': 1, 'gamma': 2.37995109401889}. Best is trial 24 with value: 0.9915214436383045.

================================================================================
SAVING PROGRESS (GRACEFUL SHUTDOWN)
================================================================================
  ✓ Found 25 completed trials. Extracting best results so far...

Generating Optuna visualization plots...
/Users/erendemirbas/Desktop/IU_master/projects/ML_project_kopyasi/scripts/04_optimization.py:543: ExperimentalWarning: optuna.visualization.matplotlib._optimization_history.plot_optimization_history is experimental (supported from v2.2.0). The interface can change in the future.
  ax1 = plot_optimization_history(study)
  ✓ Saved history plot: 01_optuna_history_ampicillin.png
/Users/erendemirbas/Desktop/IU_master/projects/ML_project_kopyasi/scripts/04_optimization.py:563: ExperimentalWarning: optuna.visualization.matplotlib._param_importances.plot_param_importances is experimental (supported from v2.2.0). The interface can change in the future.
  ax2 = plot_param_importances(study)
  ✓ Saved importance plot: 02_optuna_importance_ampicillin.png

Best ROC AUC Score: 0.9915

Best Hyperparameters:
--------------------------------------------------------------------------------
  learning_rate        : 0.05912670195068412
  max_depth            : 4
  subsample            : 0.6715556916598875
  colsample_bytree     : 0.09270592627692081
  min_child_weight     : 1
  gamma                : 2.37995109401889
--------------------------------------------------------------------------------

Saving configurations...
  ✓ Antibiotic-specific config created: config_ampicillin.yaml
  ✓ Full study object saved: /Users/erendemirbas/Desktop/IU_master/projects/ML_project_kopyasi/models/ampicillin/optuna_study_ampicillin.pkl
  ✓ Backup study object saved: /Users/erendemirbas/Desktop/IU_master/projects/ML_project_kopyasi/models/ampicillin/optuna_study_ampicillin_20260324_044816.pkl

================================================================================
NEXT STEPS
================================================================================
1. Review optimized parameters in: config/config_ampicillin.yaml
2. Run final training with optimized hyperparameters:
   python scripts/05_model_training.py
================================================================================
