================================================================================
XGBOOST HYPERPARAMETER OPTIMIZATION FOR AMR PREDICTION
================================================================================
Target Antibiotic: gentamicin
Optimization Trials: 25
Validation Split: 20%
================================================================================

[STEP 1/5] Loading data information...
  ✓ Loaded 4191 labels from y_gentamicin.csv
  ✓ Found 21 matrix chunks

[STEP 2/6] Dynamic Stratified Chunk Splitting...

================================================================================
DYNAMIC STRATIFIED DATA SPLITTING
================================================================================
Strategy: Representative sampling across resistance spectrum
================================================================================

[Phase 1/4] Analyzing resistance distribution...

[Phase 2/4] Resistance spectrum analysis (sorted by Imbalance Score):
------------------------------------------------------------------------------------------
Rank   | Chunk ID   | Resistant    | Total      | Ratio      | Imbalance Score
------------------------------------------------------------------------------------------
1      | 16         | 8            | 200        | 0.0400     | 0.4600         
2      | 2          | 9            | 200        | 0.0450     | 0.4550         
3      | 17         | 9            | 200        | 0.0450     | 0.4550         
4      | 20         | 11           | 191        | 0.0576     | 0.4424         
5      | 3          | 12           | 200        | 0.0600     | 0.4400         
...
20     | 9          | 74           | 200        | 0.3700     | 0.1300         
21     | 10         | 109          | 200        | 0.5450     | 0.0450         
------------------------------------------------------------------------------------------

[Phase 3/4] Selecting 4 representative test chunks (Target fraction: 20.0%)...
Test set composition (stratified across difficulty):
--------------------------------------------------------------------------------
  1. X_gentamicin_part_16.npz       | Ratio: 0.0400 | Imbalance: 0.4600 | HARD (Imbalanced)
  2. X_gentamicin_part_1.npz        | Ratio: 0.0650 | Imbalance: 0.4350 | HARD (Imbalanced)
  3. X_gentamicin_part_4.npz        | Ratio: 0.1450 | Imbalance: 0.3550 | HARD (Imbalanced)
  4. X_gentamicin_part_10.npz       | Ratio: 0.5450 | Imbalance: 0.0450 | EASY (Balanced)
--------------------------------------------------------------------------------

[Phase 4/4] Training pool: 17 chunks

Selecting Optuna optimization subset using fractional logic...
Loaded 3 chunks for Optuna based on config (stratified by resistance):
--------------------------------------------------------------------------------
  1. X_gentamicin_part_2.npz        | Ratio: 0.0450 | Imbalance: 0.4550 | HARD (Imbalanced)
  2. X_gentamicin_part_13.npz       | Ratio: 0.0900 | Imbalance: 0.4100 | HARD (Imbalanced)
  3. X_gentamicin_part_9.npz        | Ratio: 0.3700 | Imbalance: 0.1300 | EASY (Balanced)
--------------------------------------------------------------------------------

================================================================================
STRATIFIED SPLIT SUMMARY
================================================================================
Total chunks:        21
Training chunks:     17 (81.0%)
Test chunks:         4 (19.0%)
Optuna chunks:       3 (17.6% of training)

Training samples:    3,391
Test samples:        800
Optuna samples:      600
================================================================================

[STEP 3/6] Loading data for hyperparameter optimization...

Loading selected chunks into RAM...
  ✓ Loaded X_gentamicin_part_2.npz: 200 samples
  ✓ Loaded X_gentamicin_part_13.npz: 200 samples
  ✓ Loaded X_gentamicin_part_9.npz: 200 samples

Total optimization data: (600, 49432441)
  Resistant: 101 | Susceptible: 499

Splitting into train (80%) and validation (20%)...
  Train: (480, 49432441) | Val: (120, 49432441)

Converting to XGBoost DMatrix format...
  ✓ Data preparation complete

[STEP 5/5] Running Optuna hyperparameter optimization...
================================================================================
Starting 25 trials (this may take 10-30 minutes)
================================================================================
[I 2026-03-25 16:30:16,083] A new study created in memory with name: xgboost_gentamicin_optimization
[I 2026-03-25 17:31:46,200] Trial 0 finished with value: 0.8817315398740426 and parameters: {'learning_rate': 0.07884616885496334, 'max_depth': 12, 'subsample': 0.9381265719203201, 'colsample_bytree': 0.27301002895298343, 'min_child_weight': 5, 'gamma': 2.2843019655511485}. Best is trial 0 with value: 0.8817315398740426.
[I 2026-03-25 17:54:18,401] Trial 1 finished with value: 0.8470449925386248 and parameters: {'learning_rate': 0.04859142954982237, 'max_depth': 6, 'subsample': 0.8877430961977715, 'colsample_bytree': 0.19148453060377602, 'min_child_weight': 10, 'gamma': 0.8923372848781574}. Best is trial 0 with value: 0.8817315398740426.
[I 2026-03-25 18:07:20,414] Trial 2 finished with value: 0.8905188987177799 and parameters: {'learning_rate': 0.12355951024478957, 'max_depth': 7, 'subsample': 0.7624735306239454, 'colsample_bytree': 0.25320223590561075, 'min_child_weight': 3, 'gamma': 0.3589560772174316}. Best is trial 2 with value: 0.8905188987177799.
[I 2026-03-25 18:35:26,532] Trial 3 finished with value: 0.843538503613767 and parameters: {'learning_rate': 0.01247376181160916, 'max_depth': 11, 'subsample': 0.729561796249168, 'colsample_bytree': 0.2097197086620507, 'min_child_weight': 2, 'gamma': 3.477368084435643}. Best is trial 2 with value: 0.8905188987177799.
[I 2026-03-25 19:08:17,017] Trial 4 finished with value: 0.8507530099263814 and parameters: {'learning_rate': 0.012151564009388773, 'max_depth': 5, 'subsample': 0.6712591034486445, 'colsample_bytree': 0.22413239966582543, 'min_child_weight': 8, 'gamma': 0.6279170144899837}. Best is trial 2 with value: 0.8905188987177799.
[I 2026-03-25 19:29:14,744] Trial 5 finished with value: 0.8814693432065418 and parameters: {'learning_rate': 0.053421316059390656, 'max_depth': 9, 'subsample': 0.7161656904488829, 'colsample_bytree': 0.25767198399414615, 'min_child_weight': 7, 'gamma': 2.007682019677905}. Best is trial 2 with value: 0.8905188987177799.
[I 2026-03-25 19:39:17,802] Trial 6 finished with value: 0.8848395178458186 and parameters: {'learning_rate': 0.2651989423180002, 'max_depth': 10, 'subsample': 0.787044506301412, 'colsample_bytree': 0.12041203595291823, 'min_child_weight': 6, 'gamma': 3.3959410679938182}. Best is trial 2 with value: 0.8905188987177799.
[I 2026-03-25 19:55:30,425] Trial 7 finished with value: 0.8543945545808831 and parameters: {'learning_rate': 0.057151367806472994, 'max_depth': 8, 'subsample': 0.978431373877523, 'colsample_bytree': 0.25088717630644175, 'min_child_weight': 1, 'gamma': 3.840534581255141}. Best is trial 2 with value: 0.8905188987177799.
[I 2026-03-25 21:15:46,007] Trial 8 finished with value: 0.8716166581042701 and parameters: {'learning_rate': 0.02956070752620859, 'max_depth': 6, 'subsample': 0.8420659899599001, 'colsample_bytree': 0.12623367188390155, 'min_child_weight': 10, 'gamma': 2.116011305574765}. Best is trial 2 with value: 0.8905188987177799.
[I 2026-03-25 21:26:24,764] Trial 9 finished with value: 0.9260384073924086 and parameters: {'learning_rate': 0.1694118175033408, 'max_depth': 9, 'subsample': 0.7369533162826045, 'colsample_bytree': 0.24723008959870024, 'min_child_weight': 3, 'gamma': 2.7915750967351793}. Best is trial 9 with value: 0.9260384073924086.
[I 2026-03-25 21:38:58,127] Trial 10 finished with value: 0.8740710421874319 and parameters: {'learning_rate': 0.28635848034250533, 'max_depth': 4, 'subsample': 0.616460944936162, 'colsample_bytree': 0.2983387578703233, 'min_child_weight': 4, 'gamma': 4.748093231694607}. Best is trial 9 with value: 0.9260384073924086.
[I 2026-03-25 21:51:19,672] Trial 11 finished with value: 0.9183570637937118 and parameters: {'learning_rate': 0.13363932354732955, 'max_depth': 8, 'subsample': 0.7875345276829405, 'colsample_bytree': 0.1637016477136593, 'min_child_weight': 3, 'gamma': 1.3349072182148825}. Best is trial 9 with value: 0.9260384073924086.
[I 2026-03-25 22:04:41,702] Trial 12 finished with value: 0.9055470854303672 and parameters: {'learning_rate': 0.1513977889254256, 'max_depth': 9, 'subsample': 0.8351239006652453, 'colsample_bytree': 0.06777664811333403, 'min_child_weight': 3, 'gamma': 1.3369548290106488}. Best is trial 9 with value: 0.9260384073924086.
[I 2026-03-25 22:22:09,841] Trial 13 finished with value: 0.8669887198675628 and parameters: {'learning_rate': 0.1393778942052314, 'max_depth': 8, 'subsample': 0.6718877039588781, 'colsample_bytree': 0.1581002368922273, 'min_child_weight': 1, 'gamma': 1.4690958269828989}. Best is trial 9 with value: 0.9260384073924086.
[I 2026-03-25 22:33:05,946] Trial 14 finished with value: 0.836499506312609 and parameters: {'learning_rate': 0.18595623163361702, 'max_depth': 3, 'subsample': 0.8271290209416134, 'colsample_bytree': 0.15787730085934765, 'min_child_weight': 4, 'gamma': 2.892854991018699}. Best is trial 9 with value: 0.9260384073924086.
[I 2026-03-25 22:46:35,176] Trial 15 finished with value: 0.891515883442495 and parameters: {'learning_rate': 0.09394616893482588, 'max_depth': 10, 'subsample': 0.8854153362385027, 'colsample_bytree': 0.10978258637125114, 'min_child_weight': 3, 'gamma': 2.908445134786769}. Best is trial 9 with value: 0.9260384073924086.
[I 2026-03-25 22:58:12,600] Trial 16 finished with value: 0.921066050404576 and parameters: {'learning_rate': 0.20495560765125054, 'max_depth': 7, 'subsample': 0.7502118614028063, 'colsample_bytree': 0.1782901504793694, 'min_child_weight': 5, 'gamma': 1.5136535241165927}. Best is trial 9 with value: 0.9260384073924086.
[I 2026-03-25 23:09:01,701] Trial 17 finished with value: 0.8922345107266587 and parameters: {'learning_rate': 0.2117413858049962, 'max_depth': 6, 'subsample': 0.6045534193612245, 'colsample_bytree': 0.22274426449591558, 'min_child_weight': 6, 'gamma': 4.406887610777543}. Best is trial 9 with value: 0.9260384073924086.
[I 2026-03-25 23:25:06,537] Trial 18 finished with value: 0.8261984397183593 and parameters: {'learning_rate': 0.02540342054718311, 'max_depth': 7, 'subsample': 0.7013450711424998, 'colsample_bytree': 0.19700515602378577, 'min_child_weight': 8, 'gamma': 0.06770341270485725}. Best is trial 9 with value: 0.9260384073924086.
[I 2026-03-25 23:40:01,220] Trial 19 finished with value: 0.8854096531516938 and parameters: {'learning_rate': 0.08793671438887987, 'max_depth': 12, 'subsample': 0.7430464902679802, 'colsample_bytree': 0.29478382419953986, 'min_child_weight': 5, 'gamma': 2.830079172987533}. Best is trial 9 with value: 0.9260384073924086.
[I 2026-03-25 23:54:57,468] Trial 20 finished with value: 0.8881332033806151 and parameters: {'learning_rate': 0.20341018646539338, 'max_depth': 10, 'subsample': 0.66335121286485, 'colsample_bytree': 0.07420235549541777, 'min_child_weight': 4, 'gamma': 1.6954703245070761}. Best is trial 9 with value: 0.9260384073924086.
[I 2026-03-26 00:15:25,318] Trial 21 finished with value: 0.8796806955860963 and parameters: {'learning_rate': 0.12110883504483301, 'max_depth': 9, 'subsample': 0.7813875364471873, 'colsample_bytree': 0.16786552374407115, 'min_child_weight': 2, 'gamma': 1.0642092869055586}. Best is trial 9 with value: 0.9260384073924086.
[I 2026-03-26 00:27:19,623] Trial 22 finished with value: 0.8903708496792448 and parameters: {'learning_rate': 0.1697697248566095, 'max_depth': 8, 'subsample': 0.8074026712023948, 'colsample_bytree': 0.14145421029825678, 'min_child_weight': 2, 'gamma': 1.657769633403434}. Best is trial 9 with value: 0.9260384073924086.
[I 2026-03-26 00:38:07,474] Trial 23 finished with value: 0.9033842461936878 and parameters: {'learning_rate': 0.24287405455284536, 'max_depth': 7, 'subsample': 0.7585081333864165, 'colsample_bytree': 0.17968728690048846, 'min_child_weight': 4, 'gamma': 2.518294279980217}. Best is trial 9 with value: 0.9260384073924086.
[I 2026-03-26 00:53:52,322] Trial 24 finished with value: 0.8906117064565668 and parameters: {'learning_rate': 0.10399201256943563, 'max_depth': 5, 'subsample': 0.8701429416233307, 'colsample_bytree': 0.09711869094834576, 'min_child_weight': 5, 'gamma': 1.9000883554866297}. Best is trial 9 with value: 0.9260384073924086.

================================================================================
SAVING PROGRESS (GRACEFUL SHUTDOWN)
================================================================================
  ✓ Found 25 completed trials. Extracting best results so far...

Generating Optuna visualization plots...
/Users/erendemirbas/Desktop/IU_master/projects/ML_project_kopyasi/scripts/04_optimization.py:543: ExperimentalWarning: optuna.visualization.matplotlib._optimization_history.plot_optimization_history is experimental (supported from v2.2.0). The interface can change in the future.
  ax1 = plot_optimization_history(study)
  ✓ Saved history plot: 01_optuna_history_gentamicin.png
/Users/erendemirbas/Desktop/IU_master/projects/ML_project_kopyasi/scripts/04_optimization.py:563: ExperimentalWarning: optuna.visualization.matplotlib._param_importances.plot_param_importances is experimental (supported from v2.2.0). The interface can change in the future.
  ax2 = plot_param_importances(study)
  ✓ Saved importance plot: 02_optuna_importance_gentamicin.png

Best ROC AUC Score: 0.9260

Best Hyperparameters:
--------------------------------------------------------------------------------
  learning_rate        : 0.1694118175033408
  max_depth            : 9
  subsample            : 0.7369533162826045
  colsample_bytree     : 0.24723008959870024
  min_child_weight     : 3
  gamma                : 2.7915750967351793
--------------------------------------------------------------------------------

Saving configurations...
  ✓ Antibiotic-specific config created: config_gentamicin.yaml
  ✓ Full study object saved: /Users/erendemirbas/Desktop/IU_master/projects/ML_project_kopyasi/models/gentamicin/optuna_study_gentamicin.pkl
  ✓ Backup study object saved: /Users/erendemirbas/Desktop/IU_master/projects/ML_project_kopyasi/models/gentamicin/optuna_study_gentamicin_20260326_005354.pkl

================================================================================
NEXT STEPS
================================================================================
1. Review optimized parameters in: config/config_gentamicin.yaml
2. Run final training with optimized hyperparameters:
   python scripts/05_model_training.py
================================================================================
