[I 2026-03-18 11:20:33,363] A new study created in memory with name: xgboost_ciprofloxacin_optimization
[I 2026-03-18 14:31:30,508] Trial 0 finished with value: 0.9882948986722572 and parameters: {'learning_rate': 0.015956384072847083, 'max_depth': 6, 'subsample': 0.7453927759446702, 'colsample_bytree': 0.15156053023932076, 'min_child_weight': 1, 'gamma': 3.2439995192666227, 'scale_pos_weight': 3.924807421834671}. Best is trial 0 with value: 0.9882948986722572.
[I 2026-03-18 15:02:11,361] Trial 1 finished with value: 0.9861111111111112 and parameters: {'learning_rate': 0.06283825873963787, 'max_depth': 7, 'subsample': 0.8133125053570408, 'colsample_bytree': 0.23355460867339994, 'min_child_weight': 7, 'gamma': 1.3029218697843685, 'scale_pos_weight': 2.526877492986613}. Best is trial 0 with value: 0.9882948986722572.
[I 2026-03-18 16:22:01,272] Trial 2 finished with value: 0.9947589098532494 and parameters: {'learning_rate': 0.0417597673814041, 'max_depth': 12, 'subsample': 0.9879676852165684, 'colsample_bytree': 0.21464785315644236, 'min_child_weight': 5, 'gamma': 2.5550806641299277, 'scale_pos_weight': 2.3987653127166597}. Best is trial 2 with value: 0.9947589098532494.
[I 2026-03-18 16:57:30,634] Trial 3 finished with value: 0.9961565338923829 and parameters: {'learning_rate': 0.022092822677800352, 'max_depth': 5, 'subsample': 0.9015177174251967, 'colsample_bytree': 0.27949739774225446, 'min_child_weight': 4, 'gamma': 4.224731271425081, 'scale_pos_weight': 1.2823639885837395}. Best is trial 3 with value: 0.9961565338923829.
[I 2026-03-18 17:29:47,293] Trial 4 finished with value: 0.980083857442348 and parameters: {'learning_rate': 0.24999686359731194, 'max_depth': 11, 'subsample': 0.8108396979232472, 'colsample_bytree': 0.2455820183061337, 'min_child_weight': 10, 'gamma': 1.7187053974061701, 'scale_pos_weight': 7.652829517807344}. Best is trial 3 with value: 0.9961565338923829.
[I 2026-03-18 17:47:33,781] Trial 5 finished with value: 0.9766771488469602 and parameters: {'learning_rate': 0.2720680418659999, 'max_depth': 10, 'subsample': 0.6409222647082814, 'colsample_bytree': 0.0831678082220013, 'min_child_weight': 7, 'gamma': 4.414245742938229, 'scale_pos_weight': 3.9829880680544414}. Best is trial 3 with value: 0.9961565338923829.
[I 2026-03-18 18:15:01,629] Trial 6 finished with value: 0.9863731656184487 and parameters: {'learning_rate': 0.07129752608157373, 'max_depth': 8, 'subsample': 0.6764783978161794, 'colsample_bytree': 0.18296424776076048, 'min_child_weight': 5, 'gamma': 3.222235446207147, 'scale_pos_weight': 5.8399214954002}. Best is trial 3 with value: 0.9961565338923829.
[I 2026-03-18 19:38:56,866] Trial 7 finished with value: 0.9896925227113906 and parameters: {'learning_rate': 0.030896696911995352, 'max_depth': 7, 'subsample': 0.7351080420909245, 'colsample_bytree': 0.09894825169691963, 'min_child_weight': 1, 'gamma': 4.425485723624186, 'scale_pos_weight': 4.441400822222441}. Best is trial 3 with value: 0.9961565338923829.
[I 2026-03-18 20:16:37,227] Trial 8 finished with value: 0.9886443046820406 and parameters: {'learning_rate': 0.0748003204788344, 'max_depth': 12, 'subsample': 0.7105004638240555, 'colsample_bytree': 0.21804458289513023, 'min_child_weight': 6, 'gamma': 1.9187395814364816, 'scale_pos_weight': 8.407243818174692}. Best is trial 3 with value: 0.9961565338923829.
[I 2026-03-18 20:50:42,839] Trial 9 finished with value: 0.9846261355695318 and parameters: {'learning_rate': 0.15155948413575093, 'max_depth': 12, 'subsample': 0.657869987420585, 'colsample_bytree': 0.169877811017624, 'min_child_weight': 7, 'gamma': 0.5694222795753312, 'scale_pos_weight': 1.415778743351227}. Best is trial 3 with value: 0.9961565338923829.
[I 2026-03-18 21:08:53,683] Trial 10 finished with value: 0.9941474493361285 and parameters: {'learning_rate': 0.010014796189926444, 'max_depth': 3, 'subsample': 0.935728884928953, 'colsample_bytree': 0.29224208114744726, 'min_child_weight': 4, 'gamma': 4.9098429132984895, 'scale_pos_weight': 6.592420807310184}. Best is trial 3 with value: 0.9961565338923829.
[I 2026-03-18 21:54:58,225] Trial 11 finished with value: 0.9961565338923829 and parameters: {'learning_rate': 0.02795925875741292, 'max_depth': 4, 'subsample': 0.9950637049273632, 'colsample_bytree': 0.29757338382158943, 'min_child_weight': 3, 'gamma': 2.9482170432910135, 'scale_pos_weight': 1.117166799572092}. Best is trial 3 with value: 0.9961565338923829.
[I 2026-03-18 22:35:18,210] Trial 12 finished with value: 0.9947589098532494 and parameters: {'learning_rate': 0.023086727041088384, 'max_depth': 4, 'subsample': 0.8977172108100552, 'colsample_bytree': 0.29842491804393667, 'min_child_weight': 3, 'gamma': 3.5507756320699366, 'scale_pos_weight': 1.218085289570653}. Best is trial 3 with value: 0.9961565338923829.
[I 2026-03-18 23:25:19,832] Trial 13 finished with value: 0.990041928721174 and parameters: {'learning_rate': 0.019676161810455478, 'max_depth': 5, 'subsample': 0.8809786266226577, 'colsample_bytree': 0.2663051935094883, 'min_child_weight': 3, 'gamma': 3.846897170045815, 'scale_pos_weight': 2.6179429662260647}. Best is trial 3 with value: 0.9961565338923829.
[I 2026-03-18 23:43:18,105] Trial 14 finished with value: 0.9942348008385744 and parameters: {'learning_rate': 0.0115882953355946, 'max_depth': 3, 'subsample': 0.9959594822417699, 'colsample_bytree': 0.2674173611209917, 'min_child_weight': 3, 'gamma': 2.6024051630075404, 'scale_pos_weight': 9.678665526687332}. Best is trial 3 with value: 0.9961565338923829.
[I 2026-03-19 00:21:59,648] Trial 15 finished with value: 0.9947589098532494 and parameters: {'learning_rate': 0.03800863118338432, 'max_depth': 4, 'subsample': 0.9224413907137292, 'colsample_bytree': 0.12698123161012756, 'min_child_weight': 2, 'gamma': 4.085601125039698, 'scale_pos_weight': 1.0280421341787123}. Best is trial 3 with value: 0.9961565338923829.
[I 2026-03-19 00:53:42,227] Trial 16 finished with value: 0.9912648497554158 and parameters: {'learning_rate': 0.02582226578996663, 'max_depth': 5, 'subsample': 0.8536026604702552, 'colsample_bytree': 0.2681779331448668, 'min_child_weight': 9, 'gamma': 2.858605201316447, 'scale_pos_weight': 3.2053893130869886}. Best is trial 3 with value: 0.9961565338923829.
[I 2026-03-19 01:37:32,647] Trial 17 finished with value: 0.9917889587700909 and parameters: {'learning_rate': 0.10841715843884765, 'max_depth': 9, 'subsample': 0.9547971013795825, 'colsample_bytree': 0.298693078502814, 'min_child_weight': 4, 'gamma': 2.052379731936651, 'scale_pos_weight': 5.1118831679899985}. Best is trial 3 with value: 0.9961565338923829.
[I 2026-03-19 02:08:18,208] Trial 18 finished with value: 0.985587002096436 and parameters: {'learning_rate': 0.014199998482384523, 'max_depth': 5, 'subsample': 0.8704522771493063, 'colsample_bytree': 0.24962426768622634, 'min_child_weight': 2, 'gamma': 4.796743500053564, 'scale_pos_weight': 1.9937878737684545}. Best is trial 3 with value: 0.9961565338923829.
[I 2026-03-19 03:41:58,143] Trial 19 finished with value: 0.9945842068483578 and parameters: {'learning_rate': 0.04441315677016373, 'max_depth': 6, 'subsample': 0.9461431846090246, 'colsample_bytree': 0.19694892208788078, 'min_child_weight': 4, 'gamma': 0.22508350081986794, 'scale_pos_weight': 3.3735496936849083}. Best is trial 3 with value: 0.9961565338923829.
/Users/erendemirbas/Desktop/IU_master/projects/ML_project_kopyasi/scripts/04_optimization.py:542: ExperimentalWarning: optuna.visualization.matplotlib._optimization_history.plot_optimization_history is experimental (supported from v2.2.0). The interface can change in the future.
  ax1 = plot_optimization_history(study)
/Users/erendemirbas/Desktop/IU_master/projects/ML_project_kopyasi/scripts/04_optimization.py:552: ExperimentalWarning: optuna.visualization.matplotlib._param_importances.plot_param_importances is experimental (supported from v2.2.0). The interface can change in the future.
  ax2 = plot_param_importances(study)
================================================================================
XGBOOST HYPERPARAMETER OPTIMIZATION FOR AMR PREDICTION
================================================================================
Target Antibiotic: ciprofloxacin
Optimization Trials: 20
Validation Split: 20%
================================================================================

[STEP 1/5] Loading data information...
  ✓ Loaded 4147 labels from y_ciprofloxacin.csv
  ✓ Found 21 matrix chunks

[STEP 2/6] Dynamic Stratified Chunk Splitting...

================================================================================
DYNAMIC STRATIFIED DATA SPLITTING
================================================================================
Strategy: Representative sampling across resistance spectrum
================================================================================

[Phase 1/4] Analyzing resistance distribution...

[Phase 2/4] Resistance spectrum analysis:
--------------------------------------------------------------------------------
Rank   | Chunk ID   | Resistant    | Total      | Ratio     
--------------------------------------------------------------------------------
1      | 7          | 165          | 200        | 0.8250    
2      | 6          | 142          | 200        | 0.7100    
3      | 9          | 114          | 200        | 0.5700    
4      | 4          | 102          | 200        | 0.5100    
5      | 12         | 93           | 200        | 0.4650    
...
20     | 1          | 18           | 200        | 0.0900    
21     | 17         | 16           | 200        | 0.0800    
--------------------------------------------------------------------------------

[Phase 3/4] Selecting 4 representative test chunks (Target fraction: 20.0%)...
Test set composition (stratified across difficulty):
--------------------------------------------------------------------------------
  1. X_ciprofloxacin_part_7.npz     | Ratio: 0.8250 | HARD
  2. X_ciprofloxacin_part_10.npz    | Ratio: 0.3750 | MEDIUM
  3. X_ciprofloxacin_part_3.npz     | Ratio: 0.1750 | EASY
  4. X_ciprofloxacin_part_17.npz    | Ratio: 0.0800 | EASY
--------------------------------------------------------------------------------

[Phase 4/4] Training pool: 17 chunks

Selecting Optuna optimization subset using fractional logic...
Loaded 4 chunks for Optuna based on config (stratified by resistance):
--------------------------------------------------------------------------------
  1. X_ciprofloxacin_part_6.npz     | Ratio: 0.7100 | HARD
  2. X_ciprofloxacin_part_13.npz    | Ratio: 0.3500 | MEDIUM
  3. X_ciprofloxacin_part_19.npz    | Ratio: 0.1900 | EASY
  4. X_ciprofloxacin_part_1.npz     | Ratio: 0.0900 | EASY
--------------------------------------------------------------------------------

================================================================================
STRATIFIED SPLIT SUMMARY
================================================================================
Total chunks:        21
Training chunks:     17 (81.0%)
Test chunks:         4 (19.0%)
Optuna chunks:       4 (23.5% of training)

Training samples:    3,347
Test samples:        800
Optuna samples:      800
================================================================================

[STEP 3/6] Loading data for hyperparameter optimization...

Loading selected chunks into RAM...
  ✓ Loaded X_ciprofloxacin_part_6.npz: 200 samples
  ✓ Loaded X_ciprofloxacin_part_13.npz: 200 samples
  ✓ Loaded X_ciprofloxacin_part_19.npz: 200 samples
  ✓ Loaded X_ciprofloxacin_part_1.npz: 200 samples

Total optimization data: (800, 48674378)
  Resistant: 268 | Susceptible: 532

Splitting into train (80%) and validation (20%)...
  Train: (640, 48674378) | Val: (160, 48674378)

Converting to XGBoost DMatrix format...
  ✓ Data preparation complete

[STEP 5/5] Running Optuna hyperparameter optimization...
================================================================================
Starting 20 trials (this may take 10-30 minutes)
================================================================================

================================================================================
SAVING PROGRESS (GRACEFUL SHUTDOWN)
================================================================================
  ✓ Found 20 completed trials. Extracting best results so far...

Generating Optuna visualization plots...
  ✓ Saved history plot: 01_optuna_history_ciprofloxacin.png
  ✓ Saved importance plot: 02_optuna_importance_ciprofloxacin.png

Best ROC AUC Score: 0.9962

Best Hyperparameters:
--------------------------------------------------------------------------------
  learning_rate        : 0.022092822677800352
  max_depth            : 5
  subsample            : 0.9015177174251967
  colsample_bytree     : 0.27949739774225446
  min_child_weight     : 4
  gamma                : 4.224731271425081
  scale_pos_weight     : 1.2823639885837395
--------------------------------------------------------------------------------

Saving configurations...
  ✓ Antibiotic-specific config created: config_ciprofloxacin.yaml
  ✓ Full study object saved: /Users/erendemirbas/Desktop/IU_master/projects/ML_project_kopyasi/models/ciprofloxacin/optuna_study_ciprofloxacin.pkl

================================================================================
NEXT STEPS
================================================================================
1. Review optimized parameters in: config/config_ciprofloxacin.yaml
2. Run final training with optimized hyperparameters:
   python scripts/05_model_training.py
================================================================================
