================================================================================
XGBOOST HYPERPARAMETER OPTIMIZATION FOR AMR PREDICTION
================================================================================
Target Antibiotic: ciprofloxacin
Optimization Trials: 25
Validation Split: 20%
================================================================================

[STEP 1/5] Loading data information...
  ✓ Loaded 4147 labels from y_ciprofloxacin.csv
  ✓ Found 21 matrix chunks

[STEP 2/6] Dynamic Stratified Chunk Splitting...

================================================================================
DYNAMIC STRATIFIED DATA SPLITTING
================================================================================
Strategy: Representative sampling across resistance spectrum
================================================================================

[Phase 1/4] Analyzing resistance distribution...

[Phase 2/4] Resistance spectrum analysis (sorted by Imbalance Score):
------------------------------------------------------------------------------------------
Rank   | Chunk ID   | Resistant    | Total      | Ratio      | Imbalance Score
------------------------------------------------------------------------------------------
1      | 17         | 16           | 200        | 0.0800     | 0.4200         
2      | 1          | 18           | 200        | 0.0900     | 0.4100         
3      | 18         | 21           | 200        | 0.1050     | 0.3950         
4      | 0          | 25           | 200        | 0.1250     | 0.3750         
5      | 20         | 21           | 147        | 0.1429     | 0.3571         
...
20     | 12         | 93           | 200        | 0.4650     | 0.0350         
21     | 4          | 102          | 200        | 0.5100     | 0.0100         
------------------------------------------------------------------------------------------

[Phase 3/4] Selecting 4 representative test chunks (Target fraction: 20.0%)...
Test set composition (stratified across difficulty):
--------------------------------------------------------------------------------
  1. X_ciprofloxacin_part_17.npz    | Ratio: 0.0800 | Imbalance: 0.4200 | HARD (Imbalanced)
  2. X_ciprofloxacin_part_5.npz     | Ratio: 0.1550 | Imbalance: 0.3450 | HARD (Imbalanced)
  3. X_ciprofloxacin_part_14.npz    | Ratio: 0.3350 | Imbalance: 0.1650 | MEDIUM
  4. X_ciprofloxacin_part_4.npz     | Ratio: 0.5100 | Imbalance: 0.0100 | EASY (Balanced)
--------------------------------------------------------------------------------

[Phase 4/4] Training pool: 17 chunks

Selecting Optuna optimization subset using fractional logic...
Loaded 4 chunks for Optuna based on config (stratified by resistance):
--------------------------------------------------------------------------------
  1. X_ciprofloxacin_part_1.npz     | Ratio: 0.0900 | Imbalance: 0.4100 | HARD (Imbalanced)
  2. X_ciprofloxacin_part_3.npz     | Ratio: 0.1750 | Imbalance: 0.3250 | HARD (Imbalanced)
  3. X_ciprofloxacin_part_8.npz     | Ratio: 0.3300 | Imbalance: 0.1700 | MEDIUM
  4. X_ciprofloxacin_part_12.npz    | Ratio: 0.4650 | Imbalance: 0.0350 | EASY (Balanced)
--------------------------------------------------------------------------------

================================================================================
STRATIFIED SPLIT SUMMARY
================================================================================
Total chunks:        21
Training chunks:     17 (81.0%)
Test chunks:         4 (19.0%)
Optuna chunks:       4 (23.5% of training)

Training samples:    3,347
Test samples:        800
Optuna samples:      800
================================================================================

[STEP 3/6] Loading data for hyperparameter optimization...

Loading selected chunks into RAM...
  ✓ Loaded X_ciprofloxacin_part_1.npz: 200 samples
  ✓ Loaded X_ciprofloxacin_part_3.npz: 200 samples
  ✓ Loaded X_ciprofloxacin_part_8.npz: 200 samples
  ✓ Loaded X_ciprofloxacin_part_12.npz: 200 samples

Total optimization data: (800, 48674378)
  Resistant: 212 | Susceptible: 588

Splitting into train (80%) and validation (20%)...
  Train: (640, 48674378) | Val: (160, 48674378)

Converting to XGBoost DMatrix format...
  ✓ Data preparation complete

[STEP 5/5] Running Optuna hyperparameter optimization...
================================================================================
Starting 25 trials (this may take 10-30 minutes)
================================================================================
[I 2026-03-20 00:56:26,690] A new study created in memory with name: xgboost_ciprofloxacin_optimization
[I 2026-03-20 02:17:53,844] Trial 0 finished with value: 0.9522753455259697 and parameters: {'learning_rate': 0.2523716245259222, 'max_depth': 4, 'subsample': 0.628152534304352, 'colsample_bytree': 0.1347143599356177, 'min_child_weight': 9, 'gamma': 4.166486552985081}. Best is trial 0 with value: 0.9522753455259697.
[I 2026-03-20 02:44:29,050] Trial 1 finished with value: 0.9446247990330148 and parameters: {'learning_rate': 0.08589442595238568, 'max_depth': 7, 'subsample': 0.7285613631896622, 'colsample_bytree': 0.1704866386404123, 'min_child_weight': 5, 'gamma': 0.3229671140665108}. Best is trial 0 with value: 0.9522753455259697.
[I 2026-03-20 03:08:46,411] Trial 2 finished with value: 0.9435854398560604 and parameters: {'learning_rate': 0.05131327041937291, 'max_depth': 12, 'subsample': 0.7708803511813996, 'colsample_bytree': 0.16274903176857597, 'min_child_weight': 8, 'gamma': 0.04871858517488781}. Best is trial 0 with value: 0.9522753455259697.
[I 2026-03-20 03:31:26,531] Trial 3 finished with value: 0.9462509753471123 and parameters: {'learning_rate': 0.03957834477645763, 'max_depth': 7, 'subsample': 0.8045745832697151, 'colsample_bytree': 0.1059981739568908, 'min_child_weight': 5, 'gamma': 4.135716975045175}. Best is trial 0 with value: 0.9522753455259697.
[I 2026-03-20 03:47:18,614] Trial 4 finished with value: 0.9435243525951306 and parameters: {'learning_rate': 0.01027677493077437, 'max_depth': 6, 'subsample': 0.7726006626828524, 'colsample_bytree': 0.18832092502161923, 'min_child_weight': 5, 'gamma': 1.8643938321804743}. Best is trial 0 with value: 0.9522753455259697.
[I 2026-03-20 04:05:11,609] Trial 5 finished with value: 0.9484712687270992 and parameters: {'learning_rate': 0.014505782884658786, 'max_depth': 4, 'subsample': 0.9459517442688623, 'colsample_bytree': 0.15260246608280803, 'min_child_weight': 10, 'gamma': 2.0339904025028637}. Best is trial 0 with value: 0.9522753455259697.
[I 2026-03-20 04:44:07,686] Trial 6 finished with value: 0.9424517681170894 and parameters: {'learning_rate': 0.055710947658990144, 'max_depth': 12, 'subsample': 0.898151279777245, 'colsample_bytree': 0.09359062770675068, 'min_child_weight': 2, 'gamma': 2.716138594452468}. Best is trial 0 with value: 0.9522753455259697.
[I 2026-03-20 06:33:58,250] Trial 7 finished with value: 0.9395287102543469 and parameters: {'learning_rate': 0.01254095539072229, 'max_depth': 11, 'subsample': 0.9827131082301652, 'colsample_bytree': 0.28343063396233686, 'min_child_weight': 3, 'gamma': 0.9688066794346217}. Best is trial 0 with value: 0.9522753455259697.
[I 2026-03-20 06:56:34,065] Trial 8 finished with value: 0.9474323751668863 and parameters: {'learning_rate': 0.15138562553731166, 'max_depth': 10, 'subsample': 0.9815465619321386, 'colsample_bytree': 0.12027750754488757, 'min_child_weight': 2, 'gamma': 1.5939123636225494}. Best is trial 0 with value: 0.9522753455259697.
[I 2026-03-20 07:12:35,503] Trial 9 finished with value: 0.9462772869489121 and parameters: {'learning_rate': 0.04973618532455188, 'max_depth': 9, 'subsample': 0.8964666430776017, 'colsample_bytree': 0.07148588824821205, 'min_child_weight': 5, 'gamma': 4.849075254742002}. Best is trial 0 with value: 0.9522753455259697.
[I 2026-03-20 07:27:26,852] Trial 10 finished with value: 0.9468585796669279 and parameters: {'learning_rate': 0.2884496573614333, 'max_depth': 3, 'subsample': 0.6098614700026218, 'colsample_bytree': 0.2320158107244425, 'min_child_weight': 8, 'gamma': 3.423486152138178}. Best is trial 0 with value: 0.9522753455259697.
[I 2026-03-20 07:41:45,051] Trial 11 finished with value: 0.933896778609974 and parameters: {'learning_rate': 0.02386782949220844, 'max_depth': 3, 'subsample': 0.6013988686539077, 'colsample_bytree': 0.14021783391842366, 'min_child_weight': 10, 'gamma': 2.893325888734198}. Best is trial 0 with value: 0.9522753455259697.
[I 2026-03-20 07:55:55,767] Trial 12 finished with value: 0.9343338040637146 and parameters: {'learning_rate': 0.023027602620730347, 'max_depth': 5, 'subsample': 0.6802074170257841, 'colsample_bytree': 0.23990203148911673, 'min_child_weight': 10, 'gamma': 3.824572287717045}. Best is trial 0 with value: 0.9522753455259697.
[I 2026-03-20 08:11:31,183] Trial 13 finished with value: 0.9511674607969597 and parameters: {'learning_rate': 0.29501969786521676, 'max_depth': 5, 'subsample': 0.8788564310959218, 'colsample_bytree': 0.05518504740196793, 'min_child_weight': 8, 'gamma': 2.0021913046367694}. Best is trial 0 with value: 0.9522753455259697.
[I 2026-03-20 08:24:51,084] Trial 14 finished with value: 0.9445140173786923 and parameters: {'learning_rate': 0.27357402422438365, 'max_depth': 5, 'subsample': 0.8513500494957361, 'colsample_bytree': 0.05535814286097224, 'min_child_weight': 8, 'gamma': 4.9301997155707955}. Best is trial 0 with value: 0.9522753455259697.
[I 2026-03-20 08:40:59,794] Trial 15 finished with value: 0.9497677407009046 and parameters: {'learning_rate': 0.15254145127273538, 'max_depth': 4, 'subsample': 0.6950616228821683, 'colsample_bytree': 0.08530228846547451, 'min_child_weight': 7, 'gamma': 3.1888163281292323}. Best is trial 0 with value: 0.9522753455259697.
[I 2026-03-20 08:57:35,289] Trial 16 finished with value: 0.9463322750395944 and parameters: {'learning_rate': 0.16368496043237596, 'max_depth': 8, 'subsample': 0.8389280965949923, 'colsample_bytree': 0.2064538232810732, 'min_child_weight': 7, 'gamma': 2.325653753020035}. Best is trial 0 with value: 0.9522753455259697.
[I 2026-03-20 09:15:12,795] Trial 17 finished with value: 0.9490843776870971 and parameters: {'learning_rate': 0.09778812114670049, 'max_depth': 5, 'subsample': 0.6589275934102952, 'colsample_bytree': 0.05142494976484285, 'min_child_weight': 9, 'gamma': 4.224558495982969}. Best is trial 0 with value: 0.9522753455259697.
[I 2026-03-20 09:33:46,414] Trial 18 finished with value: 0.9469774152804651 and parameters: {'learning_rate': 0.21280465720023123, 'max_depth': 6, 'subsample': 0.9022397414097196, 'colsample_bytree': 0.12613461636496995, 'min_child_weight': 7, 'gamma': 1.0892324278647953}. Best is trial 0 with value: 0.9522753455259697.
[I 2026-03-20 09:51:44,644] Trial 19 finished with value: 0.9545023409806419 and parameters: {'learning_rate': 0.10802416081442197, 'max_depth': 4, 'subsample': 0.7307776309550498, 'colsample_bytree': 0.29505015566016723, 'min_child_weight': 9, 'gamma': 3.542241588757582}. Best is trial 19 with value: 0.9545023409806419.
[I 2026-03-20 10:09:23,073] Trial 20 finished with value: 0.9445113541028065 and parameters: {'learning_rate': 0.09921833793136749, 'max_depth': 3, 'subsample': 0.6433952377208628, 'colsample_bytree': 0.29195311879118135, 'min_child_weight': 9, 'gamma': 3.643054918427001}. Best is trial 19 with value: 0.9545023409806419.
[I 2026-03-20 10:24:01,498] Trial 21 finished with value: 0.9452370730372669 and parameters: {'learning_rate': 0.20273067946805545, 'max_depth': 4, 'subsample': 0.7290103781665869, 'colsample_bytree': 0.23686851599754105, 'min_child_weight': 9, 'gamma': 4.39085712633499}. Best is trial 19 with value: 0.9545023409806419.
[I 2026-03-20 10:41:51,629] Trial 22 finished with value: 0.9458238427897179 and parameters: {'learning_rate': 0.11955133325037337, 'max_depth': 6, 'subsample': 0.7131717638727175, 'colsample_bytree': 0.19686043218935106, 'min_child_weight': 6, 'gamma': 2.9976882973565036}. Best is trial 19 with value: 0.9545023409806419.
[I 2026-03-20 10:57:50,252] Trial 23 finished with value: 0.951491311494476 and parameters: {'learning_rate': 0.206374994141121, 'max_depth': 4, 'subsample': 0.8505183480981258, 'colsample_bytree': 0.2674568527968354, 'min_child_weight': 9, 'gamma': 2.404145386895088}. Best is trial 19 with value: 0.9545023409806419.
[I 2026-03-20 11:16:00,293] Trial 24 finished with value: 0.9493332854901119 and parameters: {'learning_rate': 0.07551586074787135, 'max_depth': 4, 'subsample': 0.8007701733435763, 'colsample_bytree': 0.26339132813212396, 'min_child_weight': 9, 'gamma': 3.823758371078373}. Best is trial 19 with value: 0.9545023409806419.

================================================================================
SAVING PROGRESS (GRACEFUL SHUTDOWN)
================================================================================
  ✓ Found 25 completed trials. Extracting best results so far...

Generating Optuna visualization plots...
/Users/erendemirbas/Desktop/IU_master/projects/ML_project_kopyasi/scripts/04_optimization.py:543: ExperimentalWarning: optuna.visualization.matplotlib._optimization_history.plot_optimization_history is experimental (supported from v2.2.0). The interface can change in the future.
  ax1 = plot_optimization_history(study)
  ✓ Saved history plot: 01_optuna_history_ciprofloxacin.png
/Users/erendemirbas/Desktop/IU_master/projects/ML_project_kopyasi/scripts/04_optimization.py:553: ExperimentalWarning: optuna.visualization.matplotlib._param_importances.plot_param_importances is experimental (supported from v2.2.0). The interface can change in the future.
  ax2 = plot_param_importances(study)
  ✓ Saved importance plot: 02_optuna_importance_ciprofloxacin.png

Best ROC AUC Score: 0.9545

Best Hyperparameters:
--------------------------------------------------------------------------------
  learning_rate        : 0.10802416081442197
  max_depth            : 4
  subsample            : 0.7307776309550498
  colsample_bytree     : 0.29505015566016723
  min_child_weight     : 9
  gamma                : 3.542241588757582
--------------------------------------------------------------------------------

Saving configurations...
  ✓ Antibiotic-specific config created: config_ciprofloxacin.yaml
  ✓ Full study object saved: /Users/erendemirbas/Desktop/IU_master/projects/ML_project_kopyasi/models/ciprofloxacin/optuna_study_ciprofloxacin.pkl

================================================================================
NEXT STEPS
================================================================================
1. Review optimized parameters in: config/config_ciprofloxacin.yaml
2. Run final training with optimized hyperparameters:
   python scripts/05_model_training.py
================================================================================
================================================================================
XGBoost TRAINING - CIPROFLOXACIN RESISTANCE PREDICTION
================================================================================

[1/5] Loading optimized hyperparameters and data split...
================================================================================
✓ Loaded config: config_ciprofloxacin.yaml

Optimization Metadata:
------------------------------------------------------------
  Antibiotic       : ciprofloxacin
  Optimization Date: 2026-03-20T11:16:02.244649
  Best ROC AUC     : 0.9545
  Trials Completed : 25
------------------------------------------------------------

Data Split Information:
------------------------------------------------------------
  Split Method     : linspace_stratified_by_resistance_ratio
  Training Chunks  : 17
  Test Chunks      : 4
------------------------------------------------------------

Optimized Hyperparameters:
------------------------------------------------------------
  learning_rate        : 0.10802416081442197
  max_depth            : 4
  subsample            : 0.7307776309550498
  colsample_bytree     : 0.29505015566016723
  min_child_weight     : 9
  gamma                : 3.542241588757582
  n_estimators         : 16
------------------------------------------------------------
================================================================================

[2/5] Loading labels and discovering chunk files...
  ✓ Loaded 4147 labels, 21 chunks

[3/5] Loading stratified train/test split from config...
  ✓ Training: 17 chunks (FULL Training Set)
  ✓ Test: 4 chunks (Stratified Test Set)
  ✓ Optuna used: 4 chunks (hyperparameter tuning only)
  Note: Training on FULL set, not the optuna subset

[4/5] Training model...

================================================================================
EPOCH-BASED INCREMENTAL MODEL TRAINING (SHUFFLED)
================================================================================
Target trees (Optuna): 16 | Epochs required: 1
Strategy: 1 tree/chunk/epoch -> Total final trees: 17
================================================================================

--- EPOCH 1/1 ---
  ✓ Epoch 1 Complete. Current Trees in Model: 17

[Threshold Configuration]
  Dynamic Instance Weighting active. Per-chunk neg/pos weight ratio applied to DMatrix.
  scale_pos_weight removed from params (prevents double-dipping with dynamic weights).
  Optimal Threshold fixed to: 0.5000 (calibrated via Dynamic Instance Weighting)

[5/5] Evaluating model...

================================================================================
MODEL EVALUATION (UNBIASED TEST SET)
================================================================================
Generating predictions...

Applying Unbiased Treshold: 0.5000 (from Training Distribution)

================================================================================
PERFORMANCE METRICS
================================================================================
Accuracy    : 0.9688
ROC AUC     : 0.9902
MCC         : 0.9230
Threshold   : 0.5000
================================================================================

Classification Report:
              precision    recall  f1-score   support

 Susceptible     0.9895    0.9675    0.9784       584
   Resistant     0.9170    0.9722    0.9438       216

    accuracy                         0.9688       800
   macro avg     0.9533    0.9698    0.9611       800
weighted avg     0.9699    0.9688    0.9690       800

Confusion Matrix:
[[565  19]
 [  6 210]]

================================================================================

✓ Model saved: /Users/erendemirbas/Desktop/IU_master/projects/ML_project_kopyasi/models/ciprofloxacin/xgboost_ciprofloxacin_final_v2.json
✓ Unbiased Threshold saved to config: config_ciprofloxacin.yaml

================================================================================
TRAINING COMPLETE
================================================================================
